<?xml version="1.0" encoding="UTF-8"?>
<testng-results ignored="0" total="2" passed="2" failed="0" skipped="0">
  <reporter-output>
    <line>
      <![CDATA[execution happening in :chrome]]>
    </line>
    <line>
      <![CDATA[execution happening in :qa]]>
    </line>
  </reporter-output>
  <suite started-at="2026-09-02T09:02:54 IST" name="Suite" finished-at="2026-09-02T09:03:10 IST" duration-ms="15850">
    <groups>
    </groups>
    <test started-at="2026-09-02T09:02:54 IST" name="Test" finished-at="2026-09-02T09:03:10 IST" duration-ms="15850">
      <class name="tests.TC_001_LoginLogout">
        <test-method is-config="true" signature="setup()[pri:0, instance:tests.TC_001_LoginLogout@5158b42f]" started-at="2026-09-02T09:02:54 IST" name="setup" finished-at="2026-09-02T09:03:00 IST" duration-ms="5616" status="PASS">
          <reporter-output>
            <line>
              <![CDATA[execution happening in :chrome]]>
            </line>
            <line>
              <![CDATA[execution happening in :qa]]>
            </line>
          </reporter-output>
        </test-method> <!-- setup -->
        <test-method signature="login()[pri:0, instance:tests.TC_001_LoginLogout@5158b42f]" started-at="2026-09-02T09:03:00 IST" name="login" finished-at="2026-09-02T09:03:03 IST" duration-ms="2666" status="PASS">
          <reporter-output>
          </reporter-output>
        </test-method> <!-- login -->
        <test-method signature="logout()[pri:0, instance:tests.TC_001_LoginLogout@5158b42f]" started-at="2026-09-02T09:03:03 IST" name="logout" finished-at="2026-09-02T09:03:10 IST" depends-on-methods="tests.TC_001_LoginLogout.login" duration-ms="7002" status="PASS">
          <reporter-output>
          </reporter-output>
        </test-method> <!-- logout -->
        <test-method is-config="true" signature="teardown()[pri:0, instance:tests.TC_001_LoginLogout@5158b42f]" started-at="2026-09-02T09:03:10 IST" name="teardown" finished-at="2026-09-02T09:03:10 IST" duration-ms="490" status="PASS">
          <reporter-output>
          </reporter-output>
        </test-method> <!-- teardown -->
      </class> <!-- tests.TC_001_LoginLogout -->
    </test> <!-- Test -->
  </suite> <!-- Suite -->
</testng-results>
