<?xml version="1.0" encoding="UTF-8"?>
<testng-results ignored="0" total="2" passed="2" failed="0" skipped="0">
  <reporter-output>
    <line>
      <![CDATA[execution happening in :chrome]]>
    </line>
    <line>
      <![CDATA[execution happening in :qa]]>
    </line>
  </reporter-output>
  <suite started-at="2026-09-01T08:47:04 IST" name="Default suite" finished-at="2026-09-01T08:47:21 IST" duration-ms="17372">
    <groups>
    </groups>
    <test started-at="2026-09-01T08:47:04 IST" name="Default test" finished-at="2026-09-01T08:47:21 IST" duration-ms="17372">
      <class name="tests.TC_001_LoginLogout">
        <test-method is-config="true" signature="setup()[pri:0, instance:tests.TC_001_LoginLogout@2f4948e4]" started-at="2026-09-01T08:47:04 IST" name="setup" finished-at="2026-09-01T08:47:07 IST" duration-ms="3740" status="PASS">
          <reporter-output>
            <line>
              <![CDATA[execution happening in :chrome]]>
            </line>
            <line>
              <![CDATA[execution happening in :qa]]>
            </line>
          </reporter-output>
        </test-method> <!-- setup -->
        <test-method signature="login()[pri:0, instance:tests.TC_001_LoginLogout@2f4948e4]" started-at="2026-09-01T08:47:08 IST" name="login" finished-at="2026-09-01T08:47:13 IST" duration-ms="5228" status="PASS">
          <reporter-output>
          </reporter-output>
        </test-method> <!-- login -->
        <test-method signature="logout()[pri:0, instance:tests.TC_001_LoginLogout@2f4948e4]" started-at="2026-09-01T08:47:13 IST" name="logout" finished-at="2026-09-01T08:47:21 IST" depends-on-methods="tests.TC_001_LoginLogout.login" duration-ms="7803" status="PASS">
          <reporter-output>
          </reporter-output>
        </test-method> <!-- logout -->
        <test-method is-config="true" signature="teardown()[pri:0, instance:tests.TC_001_LoginLogout@2f4948e4]" started-at="2026-09-01T08:47:21 IST" name="teardown" finished-at="2026-09-01T08:47:21 IST" duration-ms="479" status="PASS">
          <reporter-output>
          </reporter-output>
        </test-method> <!-- teardown -->
      </class> <!-- tests.TC_001_LoginLogout -->
    </test> <!-- Default test -->
  </suite> <!-- Default suite -->
</testng-results>
