<?xml version="1.0" encoding="UTF-8"?>
<!-- Generated by org.testng.reporters.JUnitReportReporter -->
<testsuite hostname="DESKTOP-56C0EHH" failures="0" tests="2" name="tests.TC_001_LoginLogout" time="13.031" errors="0" timestamp="2026-09-01T08:47:21 IST" skipped="0">
  <testcase classname="tests.TC_001_LoginLogout" name="logout" time="7.803"/>
  <testcase classname="tests.TC_001_LoginLogout" name="login" time="5.228"/>
  <system-out>
    <![CDATA[execution happening in :chrome
execution happening in :qa]]>
  </system-out>
</testsuite> <!-- tests.TC_001_LoginLogout -->
