<?xml version="1.0" encoding="UTF-8"?>
<!-- Generated by org.testng.reporters.JUnitReportReporter -->
<testsuite hostname="DESKTOP-56C0EHH" failures="0" tests="2" name="tests.TC_001_LoginLogout" time="9.668" errors="0" timestamp="2026-09-02T09:03:10 IST" skipped="0">
  <testcase classname="tests.TC_001_LoginLogout" name="login" time="2.666"/>
  <testcase classname="tests.TC_001_LoginLogout" name="logout" time="7.002"/>
  <system-out>
    <![CDATA[execution happening in :chrome
execution happening in :qa]]>
  </system-out>
</testsuite> <!-- tests.TC_001_LoginLogout -->
